\BOOKMARK [1][-]{section.0}{About this document}{}% 1
\BOOKMARK [2][-]{subsection.0.1}{How to avoid reading all this}{section.0}% 2
\BOOKMARK [2][-]{subsection.0.2}{Versions of this document}{section.0}% 3
\BOOKMARK [1][-]{section.1}{The Lens Distortion Plugin Kit \(LDPK\)}{}% 4
\BOOKMARK [2][-]{subsection.1.0}{Versions of the LDPK}{section.1}% 5
\BOOKMARK [2][-]{subsection.1.1}{What you need}{section.1}% 6
\BOOKMARK [2][-]{subsection.1.2}{Installing the LDPK}{section.1}% 7
\BOOKMARK [2][-]{subsection.1.3}{Content of the LDPK}{section.1}% 8
\BOOKMARK [2][-]{subsection.1.4}{Scripts}{section.1}% 9
\BOOKMARK [1][-]{section.2}{Math}{}% 10
\BOOKMARK [2][-]{subsection.2.1}{Notation}{section.2}% 11
\BOOKMARK [2][-]{subsection.2.2}{Definitions}{section.2}% 12
\BOOKMARK [2][-]{subsection.2.3}{Inverting the distortion function}{section.2}% 13
\BOOKMARK [2][-]{subsection.2.4}{A zoo of lens distortion models}{section.2}% 14
\BOOKMARK [3][-]{subsubsection.2.4.1}{Decentering}{subsection.2.4}% 15
\BOOKMARK [3][-]{subsubsection.2.4.2}{3DE Classic LD Model}{subsection.2.4}% 16
\BOOKMARK [3][-]{subsubsection.2.4.3}{Anamorphic, Degree 6}{subsection.2.4}% 17
\BOOKMARK [3][-]{subsubsection.2.4.4}{Radial - Fisheye, Degree 8}{subsection.2.4}% 18
\BOOKMARK [3][-]{subsubsection.2.4.5}{Radial - Standard, Degree 4}{subsection.2.4}% 19
\BOOKMARK [1][-]{section.3}{Implementation}{}% 20
\BOOKMARK [2][-]{subsection.3.1}{General remarks}{section.3}% 21
\BOOKMARK [2][-]{subsection.3.2}{The Lens Distortion Plugin Concept}{section.3}% 22
\BOOKMARK [3][-]{subsubsection.3.2.1}{Coordinate systems}{subsection.3.2}% 23
\BOOKMARK [4][-]{figure.2}{Camera coordinates}{subsubsection.3.2.1}% 24
\BOOKMARK [4][-]{paragraph.3.2.1.2}{Unit coordinates}{subsubsection.3.2.1}% 25
\BOOKMARK [4][-]{figure.3}{Relation between camera and unit coordinates}{subsubsection.3.2.1}% 26
\BOOKMARK [3][-]{subsubsection.3.2.2}{The API}{subsection.3.2}% 27
\BOOKMARK [4][-]{paragraph.3.2.2.1}{Model and parameter identifiers}{subsubsection.3.2.2}% 28
\BOOKMARK [4][-]{paragraph.3.2.2.2}{Parameter types and values}{subsubsection.3.2.2}% 29
\BOOKMARK [4][-]{paragraph.3.2.2.3}{Modifying parameter values}{subsubsection.3.2.2}% 30
\BOOKMARK [4][-]{paragraph.3.2.2.4}{Preparing the model}{subsubsection.3.2.2}% 31
\BOOKMARK [4][-]{paragraph.3.2.2.5}{Remove and apply lens distortion}{subsubsection.3.2.2}% 32
\BOOKMARK [2][-]{subsection.3.3}{Building a plugin for 3DE4}{section.3}% 33
\BOOKMARK [3][-]{subsubsection.3.3.1}{Multi-threading}{subsection.3.3}% 34
\BOOKMARK [3][-]{subsubsection.3.3.2}{Preparations}{subsection.3.3}% 35
\BOOKMARK [3][-]{subsubsection.3.3.3}{The distortion class}{subsection.3.3}% 36
\BOOKMARK [4][-]{paragraph.3.3.3.1}{The derived class}{subsubsection.3.3.3}% 37
\BOOKMARK [4][-]{paragraph.3.3.3.2}{The base class generic\137distortion\137base}{subsubsection.3.3.3}% 38
\BOOKMARK [3][-]{subsubsection.3.3.4}{The plugin class}{subsection.3.3}% 39
\BOOKMARK [4][-]{paragraph.3.3.4.1}{The base class: built-in parameters and lookup table}{subsubsection.3.3.4}% 40
\BOOKMARK [4][-]{paragraph.3.3.4.2}{The derived class}{subsubsection.3.3.4}% 41
\BOOKMARK [3][-]{subsubsection.3.3.5}{Compiling, testing, installing}{subsection.3.3}% 42
\BOOKMARK [3][-]{subsubsection.3.3.6}{A class for lookup tables}{subsection.3.3}% 43
\BOOKMARK [4][-]{paragraph.3.3.6.1}{Iterating grid points}{subsubsection.3.3.6}% 44
\BOOKMARK [2][-]{subsection.3.4}{Building a compositing node}{section.3}% 45
\BOOKMARK [3][-]{subsubsection.3.4.1}{Classes}{subsection.3.4}% 46
\BOOKMARK [3][-]{subsubsection.3.4.2}{Unit coordinates and pixel coordinates}{subsection.3.4}% 47
\BOOKMARK [3][-]{subsubsection.3.4.3}{Removing and applying lens distortion}{subsection.3.4}% 48
\BOOKMARK [3][-]{subsubsection.3.4.4}{Resize and reapply}{subsection.3.4}% 49
\BOOKMARK [4][-]{figure.12}{Resize}{subsubsection.3.4.4}% 50
\BOOKMARK [4][-]{paragraph.3.4.4.2}{Reapply}{subsubsection.3.4.4}% 51
\BOOKMARK [1][-]{appendix.A}{Table of symbols}{}% 52
